1295:APP_OPEN:startTime=1715051246668
2820:GENERAL_SHOW_PERSPECTIVE:perspective=org.jkiss.dbeaver.core.perspective
2820:GENERAL_VIEW_OPEN:view=org.jkiss.dbeaver.core.databaseNavigator
2820:GENERAL_VIEW_OPEN:view=org.jkiss.dbeaver.core.projectExplorer
2822:GENERAL_SHOW_PERSPECTIVE:perspective=org.jkiss.dbeaver.core.perspective
2822:GENERAL_VIEW_OPEN:view=org.jkiss.dbeaver.core.databaseNavigator
2822:GENERAL_VIEW_OPEN:view=org.jkiss.dbeaver.core.projectExplorer
2971:CONNECTION_OPEN:driver=oracle:oracle_thin
3136:SQL_EDITOR_OPEN:driver=oracle:oracle_thin
733505:ENTITY_EDITOR_OPEN:className=OracleTable&driver=oracle:oracle_thin
733588:DATA_EDIT_OPEN:objectType=OracleTable
736266:SQL_EDITOR_OPEN:driver=oracle:oracle_thin
4750623:SQL_EDITOR_EXECUTE_QUERY
4750623:SQL_EDITOR_EXECUTE_QUERY
4754031:SQL_EDITOR_EXECUTE_QUERY
4754031:SQL_EDITOR_EXECUTE_QUERY
4760053:SQL_EDITOR_EXECUTE_QUERY
4760053:SQL_EDITOR_EXECUTE_QUERY
4765483:SQL_EDITOR_EXECUTE_QUERY
4765483:SQL_EDITOR_EXECUTE_QUERY
8498736:SQL_SCRIPT_NEW
8498736:SQL_SCRIPT_NEW
8498960:SQL_EDITOR_OPEN:driver=oracle:oracle_thin
8585376:CONNECTION_OPEN:driver=mysql:mysql8
8602831:CONNECTION_CREATE:driver=mysql:mysql8
8606593:CONNECTION_OPEN:driver=mysql:mysql8
8611267:CONNECTION_OPEN:driver=mysql:mysql8
8623640:CONNECTION_OPEN:driver=mysql:mysql8
8627633:CONNECTION_CLOSE:driver=mysql:mysql8
8627633:CONNECTION_DELETE:driver=mysql:mysql8
8663977:SQL_EDITOR_OPEN:driver=oracle:oracle_thin
8678158:SQL_EDITOR_OPEN:driver=oracle:oracle_thin
10899138:SQL_EDITOR_EXECUTE_QUERY
10899138:SQL_EDITOR_EXECUTE_QUERY
10905476:SQL_EDITOR_EXECUTE_QUERY
10905476:SQL_EDITOR_EXECUTE_QUERY
10910763:SQL_EDITOR_EXECUTE_QUERY
10910764:SQL_EDITOR_EXECUTE_QUERY
10913122:SQL_EDITOR_EXECUTE_QUERY
10913122:SQL_EDITOR_EXECUTE_QUERY
10918542:SQL_EDITOR_EXECUTE_QUERY
10918542:SQL_EDITOR_EXECUTE_QUERY
10922881:SQL_EDITOR_EXECUTE_QUERY
10922881:SQL_EDITOR_EXECUTE_QUERY
10926973:SQL_EDITOR_EXECUTE_QUERY
10926973:SQL_EDITOR_EXECUTE_QUERY
10934864:SQL_EDITOR_EXECUTE_QUERY
10934864:SQL_EDITOR_EXECUTE_QUERY
10940978:SQL_EDITOR_EXECUTE_QUERY
10940978:SQL_EDITOR_EXECUTE_QUERY
10944305:SQL_EDITOR_EXECUTE_QUERY
10944305:SQL_EDITOR_EXECUTE_QUERY
10948204:SQL_EDITOR_EXECUTE_QUERY
10948204:SQL_EDITOR_EXECUTE_QUERY
11246077:SQL_EDITOR_EXECUTE_QUERY
11246077:SQL_EDITOR_EXECUTE_QUERY
