2024-05-13 16:24:18.348 - DBeaver 24.0.3.202404211624 is starting
2024-05-13 16:24:18.349 - OS: Windows 10 10.0 (amd64)
2024-05-13 16:24:18.349 - Java version: 17.0.6 by Eclipse Adoptium (64bit)
2024-05-13 16:24:18.349 - Install path: 'C:\Users\21928199\AppData\Local\DBeaver'
2024-05-13 16:24:18.349 - Instance path: 'file:/D:/multicampus-workspace/03_database/'
2024-05-13 16:24:18.350 - Memory available 64Mb/1024Mb
2024-05-13 16:24:18.355 - Create display
2024-05-13 16:24:18.420 - Initialize desktop platform...
2024-05-13 16:24:18.508 - BounceCastle bundle found. Use JCE provider BC
> Start Core File Systems [org.eclipse.core.filesystem 1.10.200.v20231102-0934]
> Start Core Resource Management [org.eclipse.core.resources 3.20.0.v20231102-0934]
> Start 팀 지원 핵심 [org.eclipse.team.core 3.10.200.v20231106-1240]
> Start DBeaver UI Navigator [org.jkiss.dbeaver.ui.navigator 1.0.129.202404211624]
2024-05-13 16:24:18.671 - Initialize base platform...
2024-05-13 16:24:18.691 - Platform initialized (271ms)
> Start DBeaver UI Editors - Base [org.jkiss.dbeaver.ui.editors.base 1.0.129.202404211624]
2024-05-13 16:24:18.859 - Error accessing instance server: java.net.ConnectException
2024-05-13 16:24:18.874 - Starting instance server at http://localhost:60642
2024-05-13 16:24:18.889 - Run workbench
> Start Eclipse e4 작업영역 SWT [org.eclipse.e4.ui.workbench.swt 0.17.200.v20231030-2045]
> Start Eclipse Application Services [org.eclipse.e4.core.services 2.4.200.v20231103-2012]
> Start Eclipse UI Application Services [org.eclipse.e4.ui.services 1.6.200.v20231030-2045]
> Start Eclipse e4 Progress View [org.eclipse.e4.ui.progress 0.4.200.v20231030-2045]
> Start Eclipse Bindings Support [org.eclipse.e4.ui.bindings 0.14.200.v20231030-2045]
> Start Eclipse e4 core commands [org.eclipse.e4.core.commands 1.1.200.v20231108-1058]
> Start EMF XML/XMI Persistence [org.eclipse.emf.ecore.xmi 2.36.0.v20231002-1156]
> Start Eclipse CSS SWT Theme Support [org.eclipse.e4.ui.css.swt.theme 0.14.200.v20230913-1724]
> Start Eclipse e4 작업영역 기능 추가 [org.eclipse.e4.ui.workbench.addons.swt 1.5.200.v20231106-1600]
> Start Eclipse e4 작업영역 SWT 렌더러 [org.eclipse.e4.ui.workbench.renderers.swt 0.16.200.v20231030-2045]
2024-05-13 16:24:21.382 - Open [https://stats.dbeaver.com/send-statistics?session=44d0d4ea-a8f5-4a00-9603-6e31c81466c1&time=1715560682]
> Start Eclipse Dependency Injection Extensions [org.eclipse.e4.core.di.extensions 0.18.100.v20231103-2012]
2024-05-13 16:24:22.368 - Statistics sent (OK)
> Start Eclipse CSS SWT Support [org.eclipse.e4.ui.css.swt 0.15.200.v20231025-0632]
2024-05-13 16:24:22.908 - Configure workbench window
> Start DBeaver SQL Model [org.jkiss.dbeaver.model.sql 1.0.119.202404211624]
2024-05-13 16:24:22.998 - Total database drivers: 112 (112)
> Start 도움말 시스템 코어 [org.eclipse.help 3.10.200.v20231106-1240]
2024-05-13 16:24:23.076 - Create actions
2024-05-13 16:24:23.080 - Disable Eclipse action set 'org.eclipse.ui.edit.text.actionSet.annotationNavigation'
2024-05-13 16:24:23.081 - Disable Eclipse action set 'org.eclipse.ui.WorkingSetActionSet'
2024-05-13 16:24:23.081 - Disable Eclipse action set 'org.eclipse.ui.actionSet.openFiles'
2024-05-13 16:24:23.081 - Create workbench actions
> Start jna [com.sun.jna 5.13.0.v20230812-1000]
2024-05-13 16:24:23.701 - Initialize workbench window
2024-05-13 16:24:23.704 - Finish initialization
> Start 기본 문서 편집기 [org.eclipse.ui.editors 3.17.100.v20231106-1600]
> Start 텍스트 편집기 프레임워크 [org.eclipse.ui.workbench.texteditor 3.17.200.v20231106-1600]
> Start DBeaver UI Editors - Data [org.jkiss.dbeaver.ui.editors.data 1.0.129.202404211624]
Warning: NLS unused message: actions_navigator__objects in: org.jkiss.dbeaver.ui.editors.sql.internal.SQLEditorMessages
> Start DBeaver UI Editors - SQL [org.jkiss.dbeaver.ui.editors.sql 1.0.129.202404211624]
> Start DBeaver SQL Terminal [org.jkiss.dbeaver.ui.editors.sql.terminal 1.0.105.202404211624]
> Start 핵심 비교 지원 [org.eclipse.compare.core 3.8.300.v20231106-1240]
> Start 인터넷 연결 관리 사용자 인터페이스 [org.eclipse.ui.net 1.5.200.v20231106-1240]
> Start Internet Connection Management [org.eclipse.core.net 1.5.200.v20231106-1240]
> Start DBeaver Sample Database [org.jkiss.dbeaver.ext.sample.database 1.0.166.202404211624]
> Start DBeaver Tip of the day [org.jkiss.dbeaver.ext.ui.tipoftheday 1.0.135.202404211624]
> Start GEF Classic Draw2d [org.eclipse.draw2d 3.14.100.202311222042]
> Start GEF Classic GEF (MVC) [org.eclipse.gef 3.16.0.202311222042]
> Start DBeaver ERD UI [org.jkiss.dbeaver.erd.ui 3.0.89.202404211624]
> Start DBeaver ERD Model [org.jkiss.dbeaver.erd.model 1.0.89.202404211624]
> Start DBeaver Dashboard UI [org.jkiss.dbeaver.ui.dashboard 1.0.126.202404211624]
> Start DBeaver Dashboards Model [org.jkiss.dbeaver.model.dashboard 1.0.2.202404211624]
> Start DBeaver JDBC Model [org.jkiss.dbeaver.model.jdbc 1.0.22.202404211624]
> Start DBeaver Oracle Model [org.jkiss.dbeaver.ext.oracle 2.1.214.202404211624]
> Start DBeaver UI Editors - Connections [org.jkiss.dbeaver.ui.editors.connection 1.0.120.202404211624]
> Start DBeaver SQL Language Semantic Model [org.jkiss.dbeaver.model.lsm 1.0.24.202404211624]
> Start 콘솔 [org.eclipse.ui.console 3.13.100.v20230914-0751]
> Start 디버그 핵심 [org.eclipse.debug.core 3.21.200.v20231021-1513]
2024-05-13 16:24:25.330 - Connect with 'localhost 3' (oracle_thin-18f3cd788a5-1cf3a2fe3a471e96)
2024-05-13 16:24:25.351 - Execution context opened (localhost 3; Main; 0)
2024-05-13 16:24:25.537 - Execution context opened (localhost 3; Metadata; 1)
2024-05-13 16:24:25.587 - Connected (oracle_thin-18f3cd788a5-1cf3a2fe3a471e96, Oracle JDBC driver [11.2.0.2.0])
2024-05-13 16:24:25.651 - Execution context opened (localhost 3; SQLEditor <day06_oracle_scott.sql>; 2)
> Start DBeaver Tasks - Native Tools UI [org.jkiss.dbeaver.tasks.native.ui 1.0.107.202404211624]
> Start DBeaver Oracle UI [org.jkiss.dbeaver.ext.oracle.ui 1.0.116.202404211624]
> Start DBeaver Tasks - General UI [org.jkiss.dbeaver.tasks.ui 1.0.107.202404211624]
2024-05-13 16:24:27.616 - Open [https://dbeaver.io/product/version.xml]
> Start DBeaver MySQL UI Support [org.jkiss.dbeaver.ext.mysql.ui 1.0.121.202404211624]
2024-05-13 16:26:43.114 - Connect with 'localhost 2' (mysql8-18f3c45fc22-3737edc8508e152f)
> Start DBeaver MySQL Support [org.jkiss.dbeaver.ext.mysql 2.1.214.202404211624]
2024-05-13 16:26:43.122 - Execution context opened (localhost 2; Main; 3)
> Start DBeaver GIS Support [org.jkiss.dbeaver.data.gis 1.0.153.202404211624]
2024-05-13 16:26:43.250 - Execution context opened (localhost 2; Metadata; 4)
2024-05-13 16:26:43.285 - Connected (mysql8-18f3c45fc22-3737edc8508e152f, MySQL Connector/J [mysql-connector-j-8.2.0 (Revision: 06a1f724497fd81c6a659131fda822c9e5085b6c)])
2024-05-13 16:26:43.300 - Execution context opened (localhost 2; SQLEditor <day05_mysql_scott.sql>; 5)
2024-05-13 16:26:44.383 - Connect with 'localhost' (oracle_thin-18f3c214ff9-3c6a785f3231a7b8)
2024-05-13 16:26:44.383 - Execution context opened (localhost; Main; 6)
2024-05-13 16:26:44.399 - Execution context opened (localhost; Metadata; 7)
2024-05-13 16:26:44.418 - Connected (oracle_thin-18f3c214ff9-3c6a785f3231a7b8, Oracle JDBC driver [11.2.0.2.0])
2024-05-13 16:26:44.432 - Execution context opened (localhost; SQLEditor <pcroom-member.sql>; 8)
2024-05-13 16:26:45.294 - Connect with 'system-localhost 9' (oracle_thin-18f55bc0b40-190d3061b4307108)
2024-05-13 16:26:45.295 - Execution context opened (system-localhost 9; Main; 9)
2024-05-13 16:26:45.309 - Execution context opened (system-localhost 9; Metadata; 10)
2024-05-13 16:26:45.325 - Connected (oracle_thin-18f55bc0b40-190d3061b4307108, Oracle JDBC driver [11.2.0.2.0])
2024-05-13 16:26:45.339 - Execution context opened (system-localhost 9; SQLEditor <day04_oracle_scott.sql>; 11)
2024-05-13 16:26:45.782 - Execution context opened (system-localhost 9; SQLEditor <day03_oracle_scott.sql>; 12)
2024-05-13 16:26:46.577 - Execution context opened (localhost; SQLEditor <day02_mysql.sql>; 13)
2024-05-13 16:26:47.339 - Execution context opened (localhost; SQLEditor <day02_oracle_scott.sql>; 14)
2024-05-13 16:26:50.632 - Connect with 'student-localhost 5' (oracle_thin-18f612523c9-6072757ab2d12b1e)
2024-05-13 16:26:50.632 - Execution context opened (student-localhost 5; Main; 15)
2024-05-13 16:26:50.646 - Execution context opened (student-localhost 5; Metadata; 16)
2024-05-13 16:26:50.663 - Connected (oracle_thin-18f612523c9-6072757ab2d12b1e, Oracle JDBC driver [11.2.0.2.0])
2024-05-13 16:26:50.682 - Execution context opened (student-localhost 5; SQLEditor <Script-16.sql>; 17)
2024-05-13 16:26:58.217 - Execution context opened (student-localhost 5; SQLEditor <Script-18.sql>; 18)
> Start DBeaver Data Transfer [org.jkiss.dbeaver.data.transfer 2.0.113.202404211624]
2024-05-13 16:27:16.122 - Error binding callable statement parameters from metadata: 지원되지 않는 기능입니다
2024-05-13 16:27:16.122 - Error obtaining output parameters from metadata: 지원되지 않는 기능입니다
2024-05-13 16:27:16.122 - Can't obtain procedure metadata nor jdbc metadata
2024-05-13 16:27:16.458 - SQL Error [904] [42000]: ORA-00904: "id": invalid identifier


Error position: line: 15 pos: 41
org.jkiss.dbeaver.model.sql.DBSQLException: SQL Error [904] [42000]: ORA-00904: "id": invalid identifier

	at org.jkiss.dbeaver.model.impl.jdbc.exec.JDBCStatementImpl.executeStatement(JDBCStatementImpl.java:133)
	at org.jkiss.dbeaver.ui.editors.sql.execute.SQLQueryJob.executeStatement(SQLQueryJob.java:614)
	at org.jkiss.dbeaver.ui.editors.sql.execute.SQLQueryJob.lambda$2(SQLQueryJob.java:505)
	at org.jkiss.dbeaver.model.exec.DBExecUtils.tryExecuteRecover(DBExecUtils.java:194)
	at org.jkiss.dbeaver.ui.editors.sql.execute.SQLQueryJob.executeSingleQuery(SQLQueryJob.java:524)
	at org.jkiss.dbeaver.ui.editors.sql.execute.SQLQueryJob.extractData(SQLQueryJob.java:976)
	at org.jkiss.dbeaver.ui.editors.sql.SQLEditor$QueryResultsContainer.readData(SQLEditor.java:4155)
	at org.jkiss.dbeaver.ui.controls.resultset.ResultSetJobDataRead.lambda$0(ResultSetJobDataRead.java:123)
	at org.jkiss.dbeaver.model.exec.DBExecUtils.tryExecuteRecover(DBExecUtils.java:194)
	at org.jkiss.dbeaver.ui.controls.resultset.ResultSetJobDataRead.run(ResultSetJobDataRead.java:121)
	at org.jkiss.dbeaver.ui.controls.resultset.ResultSetViewer$ResultSetDataPumpJob.run(ResultSetViewer.java:5152)
	at org.jkiss.dbeaver.model.runtime.AbstractJob.run(AbstractJob.java:115)
	at org.eclipse.core.internal.jobs.Worker.run(Worker.java:63)
Caused by: java.sql.SQLSyntaxErrorException: ORA-00904: "id": invalid identifier

	at oracle.jdbc.driver.T4CTTIoer.processError(T4CTTIoer.java:440)
	at oracle.jdbc.driver.T4CTTIoer.processError(T4CTTIoer.java:396)
	at oracle.jdbc.driver.T4C8Oall.processError(T4C8Oall.java:837)
	at oracle.jdbc.driver.T4CTTIfun.receive(T4CTTIfun.java:445)
	at oracle.jdbc.driver.T4CTTIfun.doRPC(T4CTTIfun.java:191)
	at oracle.jdbc.driver.T4C8Oall.doOALL(T4C8Oall.java:523)
	at oracle.jdbc.driver.T4CStatement.doOall8(T4CStatement.java:193)
	at oracle.jdbc.driver.T4CStatement.executeForDescribe(T4CStatement.java:848)
	at oracle.jdbc.driver.OracleStatement.executeMaybeDescribe(OracleStatement.java:1153)
	at oracle.jdbc.driver.OracleStatement.doExecuteWithTimeout(OracleStatement.java:1275)
	at oracle.jdbc.driver.OracleStatement.executeInternal(OracleStatement.java:1890)
	at oracle.jdbc.driver.OracleStatement.execute(OracleStatement.java:1855)
	at oracle.jdbc.driver.OracleStatementWrapper.execute(OracleStatementWrapper.java:304)
	at org.jkiss.dbeaver.model.impl.jdbc.exec.JDBCStatementImpl.execute(JDBCStatementImpl.java:330)
	at org.jkiss.dbeaver.model.impl.jdbc.exec.JDBCStatementImpl.executeStatement(JDBCStatementImpl.java:131)
	... 12 more
2024-05-13 18:04:06.720 - SQL Error [903] [42000]: ORA-00903: invalid table name

org.jkiss.dbeaver.model.sql.DBSQLException: SQL Error [903] [42000]: ORA-00903: invalid table name

	at org.jkiss.dbeaver.model.impl.jdbc.exec.JDBCStatementImpl.executeStatement(JDBCStatementImpl.java:133)
	at org.jkiss.dbeaver.ui.editors.sql.execute.SQLQueryJob.executeStatement(SQLQueryJob.java:614)
	at org.jkiss.dbeaver.ui.editors.sql.execute.SQLQueryJob.lambda$2(SQLQueryJob.java:505)
	at org.jkiss.dbeaver.ui.editors.sql.execute.SQLQueryJob.executeSingleQuery(SQLQueryJob.java:527)
	at org.jkiss.dbeaver.ui.editors.sql.execute.SQLQueryJob.extractData(SQLQueryJob.java:976)
	at org.jkiss.dbeaver.ui.editors.sql.SQLEditor$QueryResultsContainer.readData(SQLEditor.java:4155)
	at org.jkiss.dbeaver.ui.controls.resultset.ResultSetJobDataRead.lambda$0(ResultSetJobDataRead.java:123)
	at org.jkiss.dbeaver.model.exec.DBExecUtils.tryExecuteRecover(DBExecUtils.java:194)
	at org.jkiss.dbeaver.ui.controls.resultset.ResultSetJobDataRead.run(ResultSetJobDataRead.java:121)
	at org.jkiss.dbeaver.ui.controls.resultset.ResultSetViewer$ResultSetDataPumpJob.run(ResultSetViewer.java:5152)
	at org.jkiss.dbeaver.model.runtime.AbstractJob.run(AbstractJob.java:115)
	at org.eclipse.core.internal.jobs.Worker.run(Worker.java:63)
Caused by: java.sql.SQLSyntaxErrorException: ORA-00903: invalid table name

	at oracle.jdbc.driver.T4CTTIoer.processError(T4CTTIoer.java:440)
	at oracle.jdbc.driver.T4CTTIoer.processError(T4CTTIoer.java:396)
	at oracle.jdbc.driver.T4C8Oall.processError(T4C8Oall.java:837)
	at oracle.jdbc.driver.T4CTTIfun.receive(T4CTTIfun.java:445)
	at oracle.jdbc.driver.T4CTTIfun.doRPC(T4CTTIfun.java:191)
	at oracle.jdbc.driver.T4C8Oall.doOALL(T4C8Oall.java:523)
	at oracle.jdbc.driver.T4CStatement.doOall8(T4CStatement.java:193)
	at oracle.jdbc.driver.T4CStatement.executeForRows(T4CStatement.java:999)
	at oracle.jdbc.driver.OracleStatement.doExecuteWithTimeout(OracleStatement.java:1315)
	at oracle.jdbc.driver.OracleStatement.executeInternal(OracleStatement.java:1890)
	at oracle.jdbc.driver.OracleStatement.execute(OracleStatement.java:1855)
	at oracle.jdbc.driver.OracleStatementWrapper.execute(OracleStatementWrapper.java:304)
	at org.jkiss.dbeaver.model.impl.jdbc.exec.JDBCStatementImpl.execute(JDBCStatementImpl.java:330)
	at org.jkiss.dbeaver.model.impl.jdbc.exec.JDBCStatementImpl.executeStatement(JDBCStatementImpl.java:131)
	... 11 more
2024-05-13 18:04:06.806 - Error binding callable statement parameters from metadata: 지원되지 않는 기능입니다
2024-05-13 18:04:06.806 - Error obtaining output parameters from metadata: 지원되지 않는 기능입니다
2024-05-13 18:04:06.806 - Can't obtain procedure metadata nor jdbc metadata
2024-05-13 18:04:11.355 - Error binding callable statement parameters from metadata: 지원되지 않는 기능입니다
2024-05-13 18:04:11.355 - Error obtaining output parameters from metadata: 지원되지 않는 기능입니다
2024-05-13 18:04:11.355 - Can't obtain procedure metadata nor jdbc metadata
2024-05-13 18:04:11.414 - SQL Error [955] [42000]: ORA-00955: name is already used by an existing object


Error position: line: 8 pos: 13
org.jkiss.dbeaver.model.sql.DBSQLException: SQL Error [955] [42000]: ORA-00955: name is already used by an existing object

	at org.jkiss.dbeaver.model.impl.jdbc.exec.JDBCStatementImpl.executeStatement(JDBCStatementImpl.java:133)
	at org.jkiss.dbeaver.ui.editors.sql.execute.SQLQueryJob.executeStatement(SQLQueryJob.java:614)
	at org.jkiss.dbeaver.ui.editors.sql.execute.SQLQueryJob.lambda$2(SQLQueryJob.java:505)
	at org.jkiss.dbeaver.model.exec.DBExecUtils.tryExecuteRecover(DBExecUtils.java:194)
	at org.jkiss.dbeaver.ui.editors.sql.execute.SQLQueryJob.executeSingleQuery(SQLQueryJob.java:524)
	at org.jkiss.dbeaver.ui.editors.sql.execute.SQLQueryJob.extractData(SQLQueryJob.java:976)
	at org.jkiss.dbeaver.ui.editors.sql.SQLEditor$QueryResultsContainer.readData(SQLEditor.java:4155)
	at org.jkiss.dbeaver.ui.controls.resultset.ResultSetJobDataRead.lambda$0(ResultSetJobDataRead.java:123)
	at org.jkiss.dbeaver.model.exec.DBExecUtils.tryExecuteRecover(DBExecUtils.java:194)
	at org.jkiss.dbeaver.ui.controls.resultset.ResultSetJobDataRead.run(ResultSetJobDataRead.java:121)
	at org.jkiss.dbeaver.ui.controls.resultset.ResultSetViewer$ResultSetDataPumpJob.run(ResultSetViewer.java:5152)
	at org.jkiss.dbeaver.model.runtime.AbstractJob.run(AbstractJob.java:115)
	at org.eclipse.core.internal.jobs.Worker.run(Worker.java:63)
Caused by: java.sql.SQLSyntaxErrorException: ORA-00955: name is already used by an existing object

	at oracle.jdbc.driver.T4CTTIoer.processError(T4CTTIoer.java:440)
	at oracle.jdbc.driver.T4CTTIoer.processError(T4CTTIoer.java:396)
	at oracle.jdbc.driver.T4C8Oall.processError(T4C8Oall.java:837)
	at oracle.jdbc.driver.T4CTTIfun.receive(T4CTTIfun.java:445)
	at oracle.jdbc.driver.T4CTTIfun.doRPC(T4CTTIfun.java:191)
	at oracle.jdbc.driver.T4C8Oall.doOALL(T4C8Oall.java:523)
	at oracle.jdbc.driver.T4CStatement.doOall8(T4CStatement.java:193)
	at oracle.jdbc.driver.T4CStatement.executeForRows(T4CStatement.java:999)
	at oracle.jdbc.driver.OracleStatement.doExecuteWithTimeout(OracleStatement.java:1315)
	at oracle.jdbc.driver.OracleStatement.executeInternal(OracleStatement.java:1890)
	at oracle.jdbc.driver.OracleStatement.execute(OracleStatement.java:1855)
	at oracle.jdbc.driver.OracleStatementWrapper.execute(OracleStatementWrapper.java:304)
	at org.jkiss.dbeaver.model.impl.jdbc.exec.JDBCStatementImpl.execute(JDBCStatementImpl.java:330)
	at org.jkiss.dbeaver.model.impl.jdbc.exec.JDBCStatementImpl.executeStatement(JDBCStatementImpl.java:131)
	... 12 more
2024-05-13 18:04:20.141 - Error binding callable statement parameters from metadata: 지원되지 않는 기능입니다
2024-05-13 18:04:20.141 - Error obtaining output parameters from metadata: 지원되지 않는 기능입니다
2024-05-13 18:04:20.141 - Can't obtain procedure metadata nor jdbc metadata
2024-05-13 18:04:20.206 - SQL Error [955] [42000]: ORA-00955: name is already used by an existing object


Error position: line: 8 pos: 13
org.jkiss.dbeaver.model.sql.DBSQLException: SQL Error [955] [42000]: ORA-00955: name is already used by an existing object

	at org.jkiss.dbeaver.model.impl.jdbc.exec.JDBCStatementImpl.executeStatement(JDBCStatementImpl.java:133)
	at org.jkiss.dbeaver.ui.editors.sql.execute.SQLQueryJob.executeStatement(SQLQueryJob.java:614)
	at org.jkiss.dbeaver.ui.editors.sql.execute.SQLQueryJob.lambda$2(SQLQueryJob.java:505)
	at org.jkiss.dbeaver.model.exec.DBExecUtils.tryExecuteRecover(DBExecUtils.java:194)
	at org.jkiss.dbeaver.ui.editors.sql.execute.SQLQueryJob.executeSingleQuery(SQLQueryJob.java:524)
	at org.jkiss.dbeaver.ui.editors.sql.execute.SQLQueryJob.extractData(SQLQueryJob.java:976)
	at org.jkiss.dbeaver.ui.editors.sql.SQLEditor$QueryResultsContainer.readData(SQLEditor.java:4155)
	at org.jkiss.dbeaver.ui.controls.resultset.ResultSetJobDataRead.lambda$0(ResultSetJobDataRead.java:123)
	at org.jkiss.dbeaver.model.exec.DBExecUtils.tryExecuteRecover(DBExecUtils.java:194)
	at org.jkiss.dbeaver.ui.controls.resultset.ResultSetJobDataRead.run(ResultSetJobDataRead.java:121)
	at org.jkiss.dbeaver.ui.controls.resultset.ResultSetViewer$ResultSetDataPumpJob.run(ResultSetViewer.java:5152)
	at org.jkiss.dbeaver.model.runtime.AbstractJob.run(AbstractJob.java:115)
	at org.eclipse.core.internal.jobs.Worker.run(Worker.java:63)
Caused by: java.sql.SQLSyntaxErrorException: ORA-00955: name is already used by an existing object

	at oracle.jdbc.driver.T4CTTIoer.processError(T4CTTIoer.java:440)
	at oracle.jdbc.driver.T4CTTIoer.processError(T4CTTIoer.java:396)
	at oracle.jdbc.driver.T4C8Oall.processError(T4C8Oall.java:837)
	at oracle.jdbc.driver.T4CTTIfun.receive(T4CTTIfun.java:445)
	at oracle.jdbc.driver.T4CTTIfun.doRPC(T4CTTIfun.java:191)
	at oracle.jdbc.driver.T4C8Oall.doOALL(T4C8Oall.java:523)
	at oracle.jdbc.driver.T4CStatement.doOall8(T4CStatement.java:193)
	at oracle.jdbc.driver.T4CStatement.executeForRows(T4CStatement.java:999)
	at oracle.jdbc.driver.OracleStatement.doExecuteWithTimeout(OracleStatement.java:1315)
	at oracle.jdbc.driver.OracleStatement.executeInternal(OracleStatement.java:1890)
	at oracle.jdbc.driver.OracleStatement.execute(OracleStatement.java:1855)
	at oracle.jdbc.driver.OracleStatementWrapper.execute(OracleStatementWrapper.java:304)
	at org.jkiss.dbeaver.model.impl.jdbc.exec.JDBCStatementImpl.execute(JDBCStatementImpl.java:330)
	at org.jkiss.dbeaver.model.impl.jdbc.exec.JDBCStatementImpl.executeStatement(JDBCStatementImpl.java:131)
	... 12 more
2024-05-13 18:50:57.417 - Can't get column 'PLUGGED_IN': 부적합한 열 이름
2024-05-13 19:33:59.749 - Resource '/General/Bookmarks' does not exist.
java.lang.Exception: Resource '/General/Bookmarks' does not exist.
	at org.eclipse.core.internal.resources.ResourceException.provideStackTrace(ResourceException.java:42)
	at org.eclipse.core.internal.resources.ResourceException.<init>(ResourceException.java:38)
	at org.eclipse.core.internal.resources.Resource.checkExists(Resource.java:367)
	at org.eclipse.core.internal.resources.Resource.checkAccessible(Resource.java:241)
	at org.eclipse.core.internal.resources.Resource.checkAccessibleAndLocal(Resource.java:247)
	at org.eclipse.core.internal.resources.Resource.checkMoveRequirements(Resource.java:412)
	at org.eclipse.core.internal.resources.Resource.assertMoveRequirements(Resource.java:232)
	at org.eclipse.core.internal.resources.Resource.move(Resource.java:1538)
	at org.eclipse.core.internal.resources.Resource.move(Resource.java:1522)
	at org.jkiss.dbeaver.model.navigator.DBNResource.dropNodes(DBNResource.java:435)
	at org.jkiss.dbeaver.ui.navigator.dnd.NavigatorDropTargetListener.lambda$0(NavigatorDropTargetListener.java:155)
	at org.jkiss.dbeaver.runtime.RunnableContextDelegate.lambda$0(RunnableContextDelegate.java:39)
	at org.eclipse.jface.operation.ModalContext$ModalContextThread.run(ModalContext.java:122)
2024-05-13 20:05:35.319 - End idle 2 transactions for oracle_thin-18f612523c9-6072757ab2d12b1e
2024-05-13 21:14:34.830 - System suspend detected! Reinitialize all remote connections.
2024-05-13 22:53:10.054 - Can't get column 'EXTERNAL_NAME': 부적합한 열 이름
2024-05-13 22:53:10.054 - Can't get column 'ACCOUNT_STATUS': 부적합한 열 이름
2024-05-13 22:53:10.054 - Can't get column 'LOCK_DATE': 부적합한 열 이름
2024-05-13 22:53:10.054 - Can't get column 'EXPIRY_DATE': 부적합한 열 이름
2024-05-13 22:53:10.055 - Can't get column 'DEFAULT_TABLESPACE': 부적합한 열 이름
2024-05-13 22:53:10.055 - Can't get column 'TEMPORARY_TABLESPACE': 부적합한 열 이름
2024-05-13 22:53:10.055 - Can't get column 'PROFILE': 부적합한 열 이름
2024-05-13 22:53:10.055 - Can't get column 'INITIAL_RSRC_CONSUMER_GROUP': 부적합한 열 이름
2024-05-13 22:54:50.316 - Wrong meta attributes count (5 <> 6) - can't refresh
2024-05-13 23:37:09.618 - End idle 1 transactions for oracle_thin-18f612523c9-6072757ab2d12b1e
2024-05-13 23:55:12.515 - Wrong meta attributes count (5 <> 6) - can't refresh
2024-05-14 00:05:27.461 - Wrong meta attributes count (5 <> 6) - can't refresh
2024-05-14 01:07:44.385 - Execution context closed (localhost, 14)
2024-05-14 01:07:44.412 - Execution context closed (localhost, 13)
2024-05-14 01:07:44.443 - Execution context closed (system-localhost 9, 12)
2024-05-14 01:07:44.473 - Execution context closed (system-localhost 9, 11)
2024-05-14 01:07:44.500 - Execution context closed (localhost, 8)
2024-05-14 01:07:44.529 - Execution context closed (localhost 2, 5)
2024-05-14 01:07:44.555 - Execution context closed (student-localhost 5, 17)
2024-05-14 01:07:44.583 - Execution context closed (localhost 3, 2)
2024-05-14 01:07:44.614 - Execution context closed (student-localhost 5, 18)
2024-05-14 01:07:44.910 - DBeaver is stopping
2024-05-14 01:07:44.912 - Stop instance server
2024-05-14 01:07:45.921 - Instance server has been stopped
2024-05-14 01:07:45.921 - DBeaver shutdown completed
