2024-05-13 09:37:57.108 - DBeaver 24.0.3.202404211624 is starting
2024-05-13 09:37:57.108 - OS: Windows 10 10.0 (amd64)
2024-05-13 09:37:57.108 - Java version: 17.0.6 by Eclipse Adoptium (64bit)
2024-05-13 09:37:57.108 - Install path: 'C:\Users\21928199\AppData\Local\DBeaver'
2024-05-13 09:37:57.109 - Instance path: 'file:/D:/multicampus-workspace/03_database/'
2024-05-13 09:37:57.109 - Memory available 64Mb/1024Mb
2024-05-13 09:37:57.116 - Create display
2024-05-13 09:37:57.180 - Initialize desktop platform...
2024-05-13 09:37:57.269 - BounceCastle bundle found. Use JCE provider BC
> Start Core File Systems [org.eclipse.core.filesystem 1.10.200.v20231102-0934]
> Start Core Resource Management [org.eclipse.core.resources 3.20.0.v20231102-0934]
> Start 팀 지원 핵심 [org.eclipse.team.core 3.10.200.v20231106-1240]
> Start DBeaver UI Navigator [org.jkiss.dbeaver.ui.navigator 1.0.129.202404211624]
2024-05-13 09:37:57.426 - Initialize base platform...
2024-05-13 09:37:57.446 - Platform initialized (266ms)
> Start DBeaver UI Editors - Base [org.jkiss.dbeaver.ui.editors.base 1.0.129.202404211624]
2024-05-13 09:37:57.505 - Starting instance server at http://localhost:62223
2024-05-13 09:37:57.523 - Run workbench
> Start Eclipse e4 작업영역 SWT [org.eclipse.e4.ui.workbench.swt 0.17.200.v20231030-2045]
> Start Eclipse Application Services [org.eclipse.e4.core.services 2.4.200.v20231103-2012]
> Start Eclipse UI Application Services [org.eclipse.e4.ui.services 1.6.200.v20231030-2045]
> Start Eclipse e4 Progress View [org.eclipse.e4.ui.progress 0.4.200.v20231030-2045]
> Start Eclipse Bindings Support [org.eclipse.e4.ui.bindings 0.14.200.v20231030-2045]
> Start Eclipse e4 core commands [org.eclipse.e4.core.commands 1.1.200.v20231108-1058]
> Start EMF XML/XMI Persistence [org.eclipse.emf.ecore.xmi 2.36.0.v20231002-1156]
> Start Eclipse CSS SWT Theme Support [org.eclipse.e4.ui.css.swt.theme 0.14.200.v20230913-1724]
> Start Eclipse e4 작업영역 기능 추가 [org.eclipse.e4.ui.workbench.addons.swt 1.5.200.v20231106-1600]
> Start Eclipse e4 작업영역 SWT 렌더러 [org.eclipse.e4.ui.workbench.renderers.swt 0.16.200.v20231030-2045]
> Start Eclipse Dependency Injection Extensions [org.eclipse.e4.core.di.extensions 0.18.100.v20231103-2012]
> Start Eclipse CSS SWT Support [org.eclipse.e4.ui.css.swt 0.15.200.v20231025-0632]
2024-05-13 09:38:01.584 - Configure workbench window
> Start DBeaver SQL Model [org.jkiss.dbeaver.model.sql 1.0.119.202404211624]
2024-05-13 09:38:01.682 - Total database drivers: 112 (112)
> Start 도움말 시스템 코어 [org.eclipse.help 3.10.200.v20231106-1240]
2024-05-13 09:38:01.766 - Create actions
2024-05-13 09:38:01.771 - Disable Eclipse action set 'org.eclipse.ui.edit.text.actionSet.annotationNavigation'
2024-05-13 09:38:01.771 - Disable Eclipse action set 'org.eclipse.ui.WorkingSetActionSet'
2024-05-13 09:38:01.771 - Disable Eclipse action set 'org.eclipse.ui.actionSet.openFiles'
2024-05-13 09:38:01.771 - Create workbench actions
> Start jna [com.sun.jna 5.13.0.v20230812-1000]
2024-05-13 09:38:02.396 - Initialize workbench window
2024-05-13 09:38:02.399 - Finish initialization
> Start 기본 문서 편집기 [org.eclipse.ui.editors 3.17.100.v20231106-1600]
> Start 텍스트 편집기 프레임워크 [org.eclipse.ui.workbench.texteditor 3.17.200.v20231106-1600]
> Start DBeaver UI Editors - Data [org.jkiss.dbeaver.ui.editors.data 1.0.129.202404211624]
Warning: NLS unused message: actions_navigator__objects in: org.jkiss.dbeaver.ui.editors.sql.internal.SQLEditorMessages
> Start DBeaver UI Editors - SQL [org.jkiss.dbeaver.ui.editors.sql 1.0.129.202404211624]
> Start DBeaver SQL Terminal [org.jkiss.dbeaver.ui.editors.sql.terminal 1.0.105.202404211624]
> Start 핵심 비교 지원 [org.eclipse.compare.core 3.8.300.v20231106-1240]
> Start 인터넷 연결 관리 사용자 인터페이스 [org.eclipse.ui.net 1.5.200.v20231106-1240]
> Start Internet Connection Management [org.eclipse.core.net 1.5.200.v20231106-1240]
> Start DBeaver Sample Database [org.jkiss.dbeaver.ext.sample.database 1.0.166.202404211624]
> Start DBeaver Tip of the day [org.jkiss.dbeaver.ext.ui.tipoftheday 1.0.135.202404211624]
> Start GEF Classic Draw2d [org.eclipse.draw2d 3.14.100.202311222042]
> Start GEF Classic GEF (MVC) [org.eclipse.gef 3.16.0.202311222042]
> Start DBeaver ERD UI [org.jkiss.dbeaver.erd.ui 3.0.89.202404211624]
> Start DBeaver ERD Model [org.jkiss.dbeaver.erd.model 1.0.89.202404211624]
> Start DBeaver Dashboard UI [org.jkiss.dbeaver.ui.dashboard 1.0.126.202404211624]
> Start DBeaver Dashboards Model [org.jkiss.dbeaver.model.dashboard 1.0.2.202404211624]
> Start DBeaver JDBC Model [org.jkiss.dbeaver.model.jdbc 1.0.22.202404211624]
> Start DBeaver Oracle Model [org.jkiss.dbeaver.ext.oracle 2.1.214.202404211624]
> Start DBeaver UI Editors - Connections [org.jkiss.dbeaver.ui.editors.connection 1.0.120.202404211624]
> Start DBeaver SQL Language Semantic Model [org.jkiss.dbeaver.model.lsm 1.0.24.202404211624]
> Start 콘솔 [org.eclipse.ui.console 3.13.100.v20230914-0751]
> Start 디버그 핵심 [org.eclipse.debug.core 3.21.200.v20231021-1513]
2024-05-13 09:38:03.967 - Connect with 'localhost' (oracle_thin-18f3c214ff9-3c6a785f3231a7b8)
2024-05-13 09:38:03.986 - Execution context opened (localhost; Main; 0)
2024-05-13 09:38:04.173 - Execution context opened (localhost; Metadata; 1)
2024-05-13 09:38:04.224 - Connected (oracle_thin-18f3c214ff9-3c6a785f3231a7b8, Oracle JDBC driver [11.2.0.2.0])
2024-05-13 09:38:04.226 - Execution context opened (localhost; SQLEditor <pcroom-member.sql>; 2)
2024-05-13 09:38:06.359 - Open [https://dbeaver.io/product/version.xml]
2024-05-13 09:39:40.033 - Connect with 'student-localhost 5' (oracle_thin-18f612523c9-6072757ab2d12b1e)
2024-05-13 09:39:40.034 - Execution context opened (student-localhost 5; Main; 3)
> Start DBeaver Tasks - Native Tools UI [org.jkiss.dbeaver.tasks.native.ui 1.0.107.202404211624]
> Start DBeaver Oracle UI [org.jkiss.dbeaver.ext.oracle.ui 1.0.116.202404211624]
2024-05-13 09:39:40.064 - Execution context opened (student-localhost 5; Metadata; 4)
> Start DBeaver Tasks - General UI [org.jkiss.dbeaver.tasks.ui 1.0.107.202404211624]
2024-05-13 09:39:40.092 - Connected (oracle_thin-18f612523c9-6072757ab2d12b1e, Oracle JDBC driver [11.2.0.2.0])
2024-05-13 09:39:51.467 - Datasource oracle_thin-18f3d7bcf65-693190cdc88d6e2a not found in project General (/General/Scripts/Script-10.sql)
2024-05-13 09:39:51.467 - Datasource oracle_thin-18f3d7bcf65-693190cdc88d6e2a not found in project General (/General/Scripts/Script-11.sql)
2024-05-13 09:39:51.467 - Datasource oracle_thin-18f3d7cc7b4-5fdae4d043706b62 not found in project General (/General/Scripts/Script-12.sql)
2024-05-13 09:39:51.467 - Datasource oracle_thin-18f61231e60-3bb8f665f19f4604 not found in project General (/General/Scripts/Script-15.sql)
2024-05-13 09:39:51.467 - Datasource oracle_thin-18f3ce16099-65e9b0c6a86ecd18 not found in project General (/General/Scripts/Script-2.sql)
2024-05-13 09:39:51.467 - Datasource oracle_thin-18f3cfe3373-2291f399b90ed975 not found in project General (/General/Scripts/Script-4.sql)
2024-05-13 09:39:51.468 - Datasource oracle_thin-18f3d28c3df-1895caf064da1940 not found in project General (/General/Scripts/Script-7.sql)
2024-05-13 09:39:53.616 - Connect with 'localhost 6' (oracle_thin-18f3d7a4458-3c072ddd3f2dcb2c)
2024-05-13 09:39:53.617 - Execution context opened (localhost 6; Main; 5)
2024-05-13 09:39:53.633 - Execution context opened (localhost 6; Metadata; 6)
2024-05-13 09:39:53.652 - Connected (oracle_thin-18f3d7a4458-3c072ddd3f2dcb2c, Oracle JDBC driver [11.2.0.2.0])
2024-05-13 09:39:53.670 - Execution context opened (localhost 6; SQLEditor <Script-17.sql>; 7)
2024-05-13 09:39:56.636 - Execution context closed (localhost 6, 7)
2024-05-13 09:40:04.543 - Connect with 'localhost 3' (oracle_thin-18f3cd788a5-1cf3a2fe3a471e96)
2024-05-13 09:40:04.544 - Execution context opened (localhost 3; Main; 8)
2024-05-13 09:40:04.560 - Execution context opened (localhost 3; Metadata; 9)
2024-05-13 09:40:04.579 - Connected (oracle_thin-18f3cd788a5-1cf3a2fe3a471e96, Oracle JDBC driver [11.2.0.2.0])
2024-05-13 09:40:04.592 - Execution context opened (localhost 3; SQLEditor <day01_oracle.sql>; 10)
2024-05-13 09:40:11.736 - Execution context opened (localhost 3; SQLEditor <Script-18.sql>; 11)
line 1:0 token recognition error at: '반'
line 1:1 token recognition error at: '응'
line 1:0 token recognition error at: '댓'
line 1:1 token recognition error at: '글'
line 1:0 token recognition error at: '반'
line 1:1 token recognition error at: '응'
line 1:0 token recognition error at: '댓'
line 1:1 token recognition error at: '글'
line 1:0 token recognition error at: '반'
line 1:1 token recognition error at: '응'
line 1:0 token recognition error at: '댓'
line 1:1 token recognition error at: '글'
