2024-05-12 21:58:38.510 - DBeaver 24.0.3.202404211624 is starting
2024-05-12 21:58:38.510 - OS: Windows 10 10.0 (amd64)
2024-05-12 21:58:38.510 - Java version: 17.0.6 by Eclipse Adoptium (64bit)
2024-05-12 21:58:38.510 - Install path: 'C:\Users\21928199\AppData\Local\DBeaver'
2024-05-12 21:58:38.511 - Instance path: 'file:/D:/multicampus-workspace/03_database/'
2024-05-12 21:58:38.512 - Memory available 64Mb/1024Mb
2024-05-12 21:58:38.516 - Create display
2024-05-12 21:58:38.582 - Initialize desktop platform...
2024-05-12 21:58:38.669 - BounceCastle bundle found. Use JCE provider BC
> Start Core File Systems [org.eclipse.core.filesystem 1.10.200.v20231102-0934]
> Start Core Resource Management [org.eclipse.core.resources 3.20.0.v20231102-0934]
> Start 팀 지원 핵심 [org.eclipse.team.core 3.10.200.v20231106-1240]
> Start DBeaver UI Navigator [org.jkiss.dbeaver.ui.navigator 1.0.129.202404211624]
2024-05-12 21:58:38.831 - Initialize base platform...
2024-05-12 21:58:38.853 - Platform initialized (270ms)
> Start DBeaver UI Editors - Base [org.jkiss.dbeaver.ui.editors.base 1.0.129.202404211624]
2024-05-12 21:58:38.912 - Starting instance server at http://localhost:58982
2024-05-12 21:58:38.930 - Run workbench
> Start Eclipse e4 작업영역 SWT [org.eclipse.e4.ui.workbench.swt 0.17.200.v20231030-2045]
> Start Eclipse Application Services [org.eclipse.e4.core.services 2.4.200.v20231103-2012]
> Start Eclipse UI Application Services [org.eclipse.e4.ui.services 1.6.200.v20231030-2045]
> Start Eclipse e4 Progress View [org.eclipse.e4.ui.progress 0.4.200.v20231030-2045]
> Start Eclipse Bindings Support [org.eclipse.e4.ui.bindings 0.14.200.v20231030-2045]
> Start Eclipse e4 core commands [org.eclipse.e4.core.commands 1.1.200.v20231108-1058]
> Start EMF XML/XMI Persistence [org.eclipse.emf.ecore.xmi 2.36.0.v20231002-1156]
> Start Eclipse CSS SWT Theme Support [org.eclipse.e4.ui.css.swt.theme 0.14.200.v20230913-1724]
> Start Eclipse e4 작업영역 기능 추가 [org.eclipse.e4.ui.workbench.addons.swt 1.5.200.v20231106-1600]
> Start Eclipse e4 작업영역 SWT 렌더러 [org.eclipse.e4.ui.workbench.renderers.swt 0.16.200.v20231030-2045]
> Start Eclipse Dependency Injection Extensions [org.eclipse.e4.core.di.extensions 0.18.100.v20231103-2012]
> Start Eclipse CSS SWT Support [org.eclipse.e4.ui.css.swt 0.15.200.v20231025-0632]
2024-05-12 21:58:43.352 - Configure workbench window
> Start DBeaver SQL Model [org.jkiss.dbeaver.model.sql 1.0.119.202404211624]
2024-05-12 21:58:43.445 - Total database drivers: 112 (112)
> Start 도움말 시스템 코어 [org.eclipse.help 3.10.200.v20231106-1240]
2024-05-12 21:58:43.537 - Create actions
2024-05-12 21:58:43.541 - Disable Eclipse action set 'org.eclipse.ui.edit.text.actionSet.annotationNavigation'
2024-05-12 21:58:43.542 - Disable Eclipse action set 'org.eclipse.ui.WorkingSetActionSet'
2024-05-12 21:58:43.542 - Disable Eclipse action set 'org.eclipse.ui.actionSet.openFiles'
2024-05-12 21:58:43.542 - Create workbench actions
> Start jna [com.sun.jna 5.13.0.v20230812-1000]
2024-05-12 21:58:44.196 - Initialize workbench window
2024-05-12 21:58:44.199 - Finish initialization
> Start 기본 문서 편집기 [org.eclipse.ui.editors 3.17.100.v20231106-1600]
> Start 텍스트 편집기 프레임워크 [org.eclipse.ui.workbench.texteditor 3.17.200.v20231106-1600]
> Start DBeaver UI Editors - Data [org.jkiss.dbeaver.ui.editors.data 1.0.129.202404211624]
Warning: NLS unused message: actions_navigator__objects in: org.jkiss.dbeaver.ui.editors.sql.internal.SQLEditorMessages
> Start DBeaver UI Editors - SQL [org.jkiss.dbeaver.ui.editors.sql 1.0.129.202404211624]
> Start DBeaver SQL Terminal [org.jkiss.dbeaver.ui.editors.sql.terminal 1.0.105.202404211624]
> Start 핵심 비교 지원 [org.eclipse.compare.core 3.8.300.v20231106-1240]
> Start 인터넷 연결 관리 사용자 인터페이스 [org.eclipse.ui.net 1.5.200.v20231106-1240]
> Start Internet Connection Management [org.eclipse.core.net 1.5.200.v20231106-1240]
> Start DBeaver Sample Database [org.jkiss.dbeaver.ext.sample.database 1.0.166.202404211624]
> Start DBeaver Tip of the day [org.jkiss.dbeaver.ext.ui.tipoftheday 1.0.135.202404211624]
> Start GEF Classic Draw2d [org.eclipse.draw2d 3.14.100.202311222042]
> Start GEF Classic GEF (MVC) [org.eclipse.gef 3.16.0.202311222042]
> Start DBeaver ERD UI [org.jkiss.dbeaver.erd.ui 3.0.89.202404211624]
> Start DBeaver ERD Model [org.jkiss.dbeaver.erd.model 1.0.89.202404211624]
> Start DBeaver Dashboard UI [org.jkiss.dbeaver.ui.dashboard 1.0.126.202404211624]
> Start DBeaver Dashboards Model [org.jkiss.dbeaver.model.dashboard 1.0.2.202404211624]
> Start DBeaver JDBC Model [org.jkiss.dbeaver.model.jdbc 1.0.22.202404211624]
> Start DBeaver Oracle Model [org.jkiss.dbeaver.ext.oracle 2.1.214.202404211624]
> Start DBeaver UI Editors - Connections [org.jkiss.dbeaver.ui.editors.connection 1.0.120.202404211624]
> Start DBeaver SQL Language Semantic Model [org.jkiss.dbeaver.model.lsm 1.0.24.202404211624]
> Start 콘솔 [org.eclipse.ui.console 3.13.100.v20230914-0751]
> Start 디버그 핵심 [org.eclipse.debug.core 3.21.200.v20231021-1513]
2024-05-12 21:58:46.088 - Connect with 'localhost' (oracle_thin-18f3c214ff9-3c6a785f3231a7b8)
2024-05-12 21:58:46.113 - Execution context opened (localhost; Main; 0)
2024-05-12 21:58:46.331 - Execution context opened (localhost; Metadata; 1)
2024-05-12 21:58:46.384 - Connected (oracle_thin-18f3c214ff9-3c6a785f3231a7b8, Oracle JDBC driver [11.2.0.2.0])
2024-05-12 21:58:46.386 - Execution context opened (localhost; SQLEditor <day02_oracle_scott.sql>; 2)
2024-05-12 21:58:48.257 - Open [https://dbeaver.io/product/version.xml]
2024-05-12 21:58:54.020 - Execution context opened (localhost; SQLEditor <day02_mysql.sql>; 3)
> Start DBeaver Tasks - Native Tools UI [org.jkiss.dbeaver.tasks.native.ui 1.0.107.202404211624]
> Start DBeaver Oracle UI [org.jkiss.dbeaver.ext.oracle.ui 1.0.116.202404211624]
> Start DBeaver Tasks - General UI [org.jkiss.dbeaver.tasks.ui 1.0.107.202404211624]
2024-05-12 21:58:55.304 - Connect with 'localhost 6' (oracle_thin-18f3d7a4458-3c072ddd3f2dcb2c)
2024-05-12 21:58:55.306 - Execution context opened (localhost 6; Main; 4)
2024-05-12 21:58:55.338 - Execution context opened (localhost 6; Metadata; 5)
2024-05-12 21:58:55.376 - Connected (oracle_thin-18f3d7a4458-3c072ddd3f2dcb2c, Oracle JDBC driver [11.2.0.2.0])
2024-05-12 21:58:55.391 - Execution context opened (localhost 6; SQLEditor <DB_20240503_안혜선.sql>; 6)
> Start DBeaver MySQL UI Support [org.jkiss.dbeaver.ext.mysql.ui 1.0.121.202404211624]
2024-05-12 21:58:58.228 - Connect with 'localhost 2' (mysql8-18f3c45fc22-3737edc8508e152f)
> Start DBeaver MySQL Support [org.jkiss.dbeaver.ext.mysql 2.1.214.202404211624]
2024-05-12 21:58:58.238 - Execution context opened (localhost 2; Main; 7)
> Start DBeaver GIS Support [org.jkiss.dbeaver.data.gis 1.0.153.202404211624]
2024-05-12 21:58:58.368 - Execution context opened (localhost 2; Metadata; 8)
2024-05-12 21:58:58.411 - Connected (mysql8-18f3c45fc22-3737edc8508e152f, MySQL Connector/J [mysql-connector-j-8.2.0 (Revision: 06a1f724497fd81c6a659131fda822c9e5085b6c)])
2024-05-12 21:58:58.424 - Execution context opened (localhost 2; SQLEditor <day05_mysql_scott.sql>; 9)
2024-05-12 21:58:59.248 - Execution context opened (localhost; SQLEditor <pcroom-member.sql>; 10)
2024-05-13 00:39:03.571 - Execution context closed (localhost, 2)
2024-05-13 00:39:03.602 - Execution context closed (localhost, 3)
2024-05-13 00:39:03.630 - Execution context closed (localhost 2, 9)
2024-05-13 00:39:03.655 - Execution context closed (localhost 6, 6)
2024-05-13 00:39:03.686 - Execution context closed (localhost, 10)
2024-05-13 00:39:03.847 - DBeaver is stopping
2024-05-13 00:39:03.849 - Stop instance server
2024-05-13 00:39:04.855 - Instance server has been stopped
2024-05-13 00:39:04.855 - DBeaver shutdown completed
