2024-06-13 15:53:43.221 - DBeaver 24.0.3.202404211624 is starting
2024-06-13 15:53:43.222 - OS: Windows 10 10.0 (amd64)
2024-06-13 15:53:43.222 - Java version: 17.0.6 by Eclipse Adoptium (64bit)
2024-06-13 15:53:43.222 - Install path: 'C:\Users\21928199\AppData\Local\DBeaver'
2024-06-13 15:53:43.222 - Instance path: 'file:/D:/multicampus-workspace/04_servletjsp/itj/'
2024-06-13 15:53:43.223 - Memory available 64Mb/1024Mb
2024-06-13 15:53:43.227 - Create display
2024-06-13 15:53:43.298 - Initialize desktop platform...
2024-06-13 15:53:43.407 - BounceCastle bundle found. Use JCE provider BC
> Start Core File Systems [org.eclipse.core.filesystem 1.10.200.v20231102-0934]
> Start Core Resource Management [org.eclipse.core.resources 3.20.0.v20231102-0934]
> Start 팀 지원 핵심 [org.eclipse.team.core 3.10.200.v20231106-1240]
> Start DBeaver UI Navigator [org.jkiss.dbeaver.ui.navigator 1.0.129.202404211624]
2024-06-13 15:53:43.562 - Initialize base platform...
2024-06-13 15:53:43.585 - Platform initialized (287ms)
> Start DBeaver UI Editors - Base [org.jkiss.dbeaver.ui.editors.base 1.0.129.202404211624]
2024-06-13 15:53:43.661 - Starting instance server at http://localhost:54044
2024-06-13 15:53:43.672 - Run workbench
> Start Eclipse e4 작업영역 SWT [org.eclipse.e4.ui.workbench.swt 0.17.200.v20231030-2045]
> Start Eclipse Application Services [org.eclipse.e4.core.services 2.4.200.v20231103-2012]
> Start Eclipse UI Application Services [org.eclipse.e4.ui.services 1.6.200.v20231030-2045]
> Start Eclipse e4 Progress View [org.eclipse.e4.ui.progress 0.4.200.v20231030-2045]
> Start Eclipse Bindings Support [org.eclipse.e4.ui.bindings 0.14.200.v20231030-2045]
> Start Eclipse e4 core commands [org.eclipse.e4.core.commands 1.1.200.v20231108-1058]
> Start EMF XML/XMI Persistence [org.eclipse.emf.ecore.xmi 2.36.0.v20231002-1156]
> Start Eclipse CSS SWT Theme Support [org.eclipse.e4.ui.css.swt.theme 0.14.200.v20230913-1724]
> Start Eclipse e4 작업영역 기능 추가 [org.eclipse.e4.ui.workbench.addons.swt 1.5.200.v20231106-1600]
> Start Eclipse e4 작업영역 SWT 렌더러 [org.eclipse.e4.ui.workbench.renderers.swt 0.16.200.v20231030-2045]
> Start Eclipse Dependency Injection Extensions [org.eclipse.e4.core.di.extensions 0.18.100.v20231103-2012]
> Start Eclipse CSS SWT Support [org.eclipse.e4.ui.css.swt 0.15.200.v20231025-0632]
2024-06-13 15:53:48.980 - Configure workbench window
> Start DBeaver SQL Model [org.jkiss.dbeaver.model.sql 1.0.119.202404211624]
2024-06-13 15:53:49.074 - Total database drivers: 112 (112)
> Start 도움말 시스템 코어 [org.eclipse.help 3.10.200.v20231106-1240]
2024-06-13 15:53:49.168 - Create actions
2024-06-13 15:53:49.172 - Disable Eclipse action set 'org.eclipse.ui.edit.text.actionSet.annotationNavigation'
2024-06-13 15:53:49.173 - Disable Eclipse action set 'org.eclipse.ui.WorkingSetActionSet'
2024-06-13 15:53:49.173 - Disable Eclipse action set 'org.eclipse.ui.actionSet.openFiles'
2024-06-13 15:53:49.173 - Create workbench actions
> Start jna [com.sun.jna 5.13.0.v20230812-1000]
2024-06-13 15:53:49.931 - Initialize workbench window
2024-06-13 15:53:49.936 - Finish initialization
> Start 기본 문서 편집기 [org.eclipse.ui.editors 3.17.100.v20231106-1600]
> Start 텍스트 편집기 프레임워크 [org.eclipse.ui.workbench.texteditor 3.17.200.v20231106-1600]
> Start DBeaver UI Editors - Data [org.jkiss.dbeaver.ui.editors.data 1.0.129.202404211624]
Warning: NLS unused message: actions_navigator__objects in: org.jkiss.dbeaver.ui.editors.sql.internal.SQLEditorMessages
> Start DBeaver UI Editors - SQL [org.jkiss.dbeaver.ui.editors.sql 1.0.129.202404211624]
> Start DBeaver SQL Terminal [org.jkiss.dbeaver.ui.editors.sql.terminal 1.0.105.202404211624]
> Start 핵심 비교 지원 [org.eclipse.compare.core 3.8.300.v20231106-1240]
> Start 인터넷 연결 관리 사용자 인터페이스 [org.eclipse.ui.net 1.5.200.v20231106-1240]
> Start Internet Connection Management [org.eclipse.core.net 1.5.200.v20231106-1240]
> Start DBeaver Sample Database [org.jkiss.dbeaver.ext.sample.database 1.0.166.202404211624]
> Start DBeaver Tip of the day [org.jkiss.dbeaver.ext.ui.tipoftheday 1.0.135.202404211624]
> Start GEF Classic Draw2d [org.eclipse.draw2d 3.14.100.202311222042]
> Start GEF Classic GEF (MVC) [org.eclipse.gef 3.16.0.202311222042]
> Start DBeaver ERD UI [org.jkiss.dbeaver.erd.ui 3.0.89.202404211624]
> Start DBeaver ERD Model [org.jkiss.dbeaver.erd.model 1.0.89.202404211624]
> Start DBeaver Dashboard UI [org.jkiss.dbeaver.ui.dashboard 1.0.126.202404211624]
> Start DBeaver Dashboards Model [org.jkiss.dbeaver.model.dashboard 1.0.2.202404211624]
> Start DBeaver JDBC Model [org.jkiss.dbeaver.model.jdbc 1.0.22.202404211624]
> Start DBeaver Oracle Model [org.jkiss.dbeaver.ext.oracle 2.1.214.202404211624]
> Start DBeaver UI Editors - Connections [org.jkiss.dbeaver.ui.editors.connection 1.0.120.202404211624]
> Start DBeaver SQL Language Semantic Model [org.jkiss.dbeaver.model.lsm 1.0.24.202404211624]
> Start 콘솔 [org.eclipse.ui.console 3.13.100.v20230914-0751]
> Start 디버그 핵심 [org.eclipse.debug.core 3.21.200.v20231021-1513]
2024-06-13 15:53:52.325 - Connect with 'localhost' (oracle_thin-18f85335347-28a4660c2894daa5)
2024-06-13 15:53:52.345 - Execution context opened (localhost; Main; 0)
2024-06-13 15:53:52.936 - Execution context opened (localhost; Metadata; 1)
2024-06-13 15:53:53.033 - Connected (oracle_thin-18f85335347-28a4660c2894daa5, Oracle JDBC driver [23.2.0.0.0])
2024-06-13 15:53:53.050 - Execution context opened (localhost; SQLEditor <Script-3.sql>; 2)
2024-06-13 15:53:54.149 - Open [https://dbeaver.io/product/version.xml]
> Start DBeaver Tasks - Native Tools UI [org.jkiss.dbeaver.tasks.native.ui 1.0.107.202404211624]
> Start DBeaver Oracle UI [org.jkiss.dbeaver.ext.oracle.ui 1.0.116.202404211624]
> Start DBeaver Tasks - General UI [org.jkiss.dbeaver.tasks.ui 1.0.107.202404211624]
2024-06-13 15:53:59.115 - Connect with 'localhost' (mysql8-18f85355d93-de9e15e653cb405)
> Start DBeaver MySQL Support [org.jkiss.dbeaver.ext.mysql 2.1.214.202404211624]
2024-06-13 15:53:59.125 - Execution context opened (localhost; Main; 3)
> Start DBeaver GIS Support [org.jkiss.dbeaver.data.gis 1.0.153.202404211624]
2024-06-13 15:53:59.249 - Execution context opened (localhost; Metadata; 4)
2024-06-13 15:53:59.319 - Connected (mysql8-18f85355d93-de9e15e653cb405, MySQL Connector/J [mysql-connector-j-8.2.0 (Revision: 06a1f724497fd81c6a659131fda822c9e5085b6c)])
2024-06-13 20:11:29.691 - Execution context closed (localhost, 0)
2024-06-13 20:11:29.705 - Execution context closed (localhost, 1)
2024-06-13 20:11:29.716 - Execution context closed (localhost, 2)
2024-06-13 20:11:29.716 - Disconnected (oracle_thin-18f85335347-28a4660c2894daa5)
2024-06-13 20:11:29.759 - Execution context closed (localhost, 3)
2024-06-13 20:11:29.771 - Execution context closed (localhost, 4)
2024-06-13 20:11:29.771 - Disconnected (mysql8-18f85355d93-de9e15e653cb405)
2024-06-13 21:17:41.515 - System suspend detected! Reinitialize all remote connections.
2024-06-14 01:04:23.996 - DBeaver is stopping
2024-06-14 01:04:23.998 - Stop instance server
2024-06-14 01:04:25.005 - Instance server has been stopped
2024-06-14 01:04:25.005 - DBeaver shutdown completed
